2022-04-17 04:39:16 Error: [Error] Class 'Jaxon\Cake\Middleware\AjaxMiddleware' not found in /home/thierry/www/jaxon/frw/cakephp-4.2/config/routes.php on line 58
Stack Trace:
- /home/thierry/www/jaxon/frw/cakephp-4.2/vendor/cakephp/cakephp/src/Routing/RouteBuilder.php:950
- /home/thierry/www/jaxon/frw/cakephp-4.2/config/routes.php:88
- /home/thierry/www/jaxon/frw/cakephp-4.2/vendor/cakephp/cakephp/src/Http/BaseApplication.php:197
- /home/thierry/www/jaxon/frw/cakephp-4.2/vendor/cakephp/cakephp/src/Console/CommandRunner.php:399
- /home/thierry/www/jaxon/frw/cakephp-4.2/vendor/cakephp/cakephp/src/Console/CommandRunner.php:147
- /home/thierry/www/jaxon/frw/cakephp-4.2/bin/cake.php:12



2022-04-17 04:41:21 Error: [Error] Call to a member function scope() on null in /home/thierry/www/jaxon/frw/cakephp-4.2/config/routes.php on line 61
Stack Trace:
- /home/thierry/www/jaxon/frw/cakephp-4.2/vendor/cakephp/cakephp/src/Routing/RouteBuilder.php:950
- /home/thierry/www/jaxon/frw/cakephp-4.2/config/routes.php:88
- /home/thierry/www/jaxon/frw/cakephp-4.2/vendor/cakephp/cakephp/src/Http/BaseApplication.php:197
- /home/thierry/www/jaxon/frw/cakephp-4.2/vendor/cakephp/cakephp/src/Console/CommandRunner.php:399
- /home/thierry/www/jaxon/frw/cakephp-4.2/vendor/cakephp/cakephp/src/Console/CommandRunner.php:147
- /home/thierry/www/jaxon/frw/cakephp-4.2/bin/cake.php:12



2024-07-04 18:42:48 Error: [Error] Call to undefined function jaxon() in C:\Users\kfeuz\workspace\contrib\jaxon\jaxon-demo-cake\vendor\jaxon-php\jaxon-cake\src\Middleware\AjaxMiddleware.php on line 26
Stack Trace:
- C:\Users\kfeuz\workspace\contrib\jaxon\jaxon-demo-cake\config\routes.php:50
- C:\Users\kfeuz\workspace\contrib\jaxon\jaxon-demo-cake\vendor\cakephp\cakephp\src\Routing\RouteBuilder.php:950
- C:\Users\kfeuz\workspace\contrib\jaxon\jaxon-demo-cake\config\routes.php:88
- C:\Users\kfeuz\workspace\contrib\jaxon\jaxon-demo-cake\vendor\cakephp\cakephp\src\Http\BaseApplication.php:197
- C:\Users\kfeuz\workspace\contrib\jaxon\jaxon-demo-cake\vendor\cakephp\cakephp\src\Console\CommandRunner.php:399
- C:\Users\kfeuz\workspace\contrib\jaxon\jaxon-demo-cake\vendor\cakephp\cakephp\src\Console\CommandRunner.php:147
- C:\Users\kfeuz\workspace\contrib\jaxon\jaxon-demo-cake\bin\cake.php:12



